<?xml version="1.0" encoding="UTF-8"?>
<!-- Generated by org.testng.reporters.JUnitReportReporter -->
<testsuite hostname="AkashGupta" failures="0" tests="1" name="sample.TestClass" time="7.664" errors="0" timestamp="2023-04-23T15:13:30 IST" skipped="0">
  <testcase classname="sample.TestClass" name="getResponseStatus" time="7.664"/>
  <system-out/>
</testsuite> <!-- sample.TestClass -->
